;  LST file generated by mikroListExporter - v.2.0 
; Date/Time: 30/06/2011 21.12.39
;----------------------------------------------

;Address Opcode 	ASM
0x0000	0x29ED      	GOTO       493
_Delay_22us:
;__Lib_Delays.mbas,37 :: 		sub procedure Delay_22us()
;__Lib_Delays.mbas,38 :: 		Delay_us(22)
0x0003	0x3007      	MOVLW      7
0x0004	0x1283      	BCF        STATUS, 5
0x0005	0x1303      	BCF        STATUS, 6
0x0006	0x00FD      	MOVWF      R13
L__Delay_22us5:
0x0007	0x0BFD      	DECFSZ     R13, 1
0x0008	0x2807      	GOTO       L__Delay_22us5
;__Lib_Delays.mbas,39 :: 		end sub
0x0009	0x0008      	RETURN
; end of _Delay_22us
_Avanti:
;Programma Pic ASAD.mbas,10 :: 		Sub Procedure Avanti () 'Destra
;Programma Pic ASAD.mbas,11 :: 		PortD.2 = 1 'Porta Dedita alla Enable
0x000A	0x1283      	BCF        STATUS, 5
0x000B	0x1303      	BCF        STATUS, 6
0x000C	0x1508      	BSF        PORTD, 2
;Programma Pic ASAD.mbas,12 :: 		PortD.1 = 1 'Porta Dedita a C (SX)
0x000D	0x1488      	BSF        PORTD, 1
;Programma Pic ASAD.mbas,13 :: 		PortD.0 = 0 'Porta Dedita a D (SX)
0x000E	0x1008      	BCF        PORTD, 0
;Programma Pic ASAD.mbas,14 :: 		PortC.1 = 1 'Porta Dedita a C (DX)
0x000F	0x1487      	BSF        PORTC, 1
;Programma Pic ASAD.mbas,15 :: 		PortC.0 = 0 'Porta Dedita a D (DX)
0x0010	0x1007      	BCF        PORTC, 0
;Programma Pic ASAD.mbas,16 :: 		End Sub
0x0011	0x0008      	RETURN
; end of _Avanti
_Destra:
;Programma Pic ASAD.mbas,24 :: 		Sub Procedure Destra () 'Avanti
;Programma Pic ASAD.mbas,25 :: 		PortD.2 = 1 'Porta Dedita alla Enable
0x0012	0x1283      	BCF        STATUS, 5
0x0013	0x1303      	BCF        STATUS, 6
0x0014	0x1508      	BSF        PORTD, 2
;Programma Pic ASAD.mbas,26 :: 		PortD.1 = 1 'Porta Dedita a C (SX)
0x0015	0x1488      	BSF        PORTD, 1
;Programma Pic ASAD.mbas,27 :: 		PortD.0 = 0 'Porta Dedita a D (SX)
0x0016	0x1008      	BCF        PORTD, 0
;Programma Pic ASAD.mbas,28 :: 		PortC.1 = 0 'Porta Dedita a C (DX)
0x0017	0x1087      	BCF        PORTC, 1
;Programma Pic ASAD.mbas,29 :: 		PortC.0 = 1 'Porta Dedita a D (DX)
0x0018	0x1407      	BSF        PORTC, 0
;Programma Pic ASAD.mbas,30 :: 		End Sub
0x0019	0x0008      	RETURN
; end of _Destra
_ADC_Read:
;__Lib_ADC_A_C.mpas,53 :: 		
;__Lib_ADC_A_C.mpas,54 :: 		
0x001A	0x1283      	BCF        STATUS, 5
0x001B	0x1303      	BCF        STATUS, 6
0x001C	0x019F      	CLRF       ADCON0
;__Lib_ADC_A_C.mpas,55 :: 		
0x001D	0x30C0      	MOVLW      192
0x001E	0x049F      	IORWF      ADCON0, 1
;__Lib_ADC_A_C.mpas,56 :: 		
0x001F	0x1683      	BSF        STATUS, 5
0x0020	0x171F      	BSF        ADCON1, 6
;__Lib_ADC_A_C.mpas,57 :: 		
0x0021	0x179F      	BSF        ADCON1, 7
;__Lib_ADC_A_C.mpas,58 :: 		
0x0022	0x1283      	BCF        STATUS, 5
0x0023	0x082B      	MOVF       FARG_ADC_Read_channel, 0
0x0024	0x00F0      	MOVWF      R0
0x0025	0x0DF0      	RLF        R0, 1
0x0026	0x1070      	BCF        R0, 0
0x0027	0x0DF0      	RLF        R0, 1
0x0028	0x1070      	BCF        R0, 0
0x0029	0x0DF0      	RLF        R0, 1
0x002A	0x1070      	BCF        R0, 0
0x002B	0x0870      	MOVF       R0, 0
0x002C	0x049F      	IORWF      ADCON0, 1
;__Lib_ADC_A_C.mpas,61 :: 		
0x002D	0x141F      	BSF        ADCON0, 0
;__Lib_ADC_A_C.mpas,64 :: 		
0x002E	0x2003      	CALL       _Delay_22us
;__Lib_ADC_A_C.mpas,67 :: 		
0x002F	0x151F      	BSF        ADCON0, 2
;__Lib_ADC_A_C.mpas,70 :: 		
L__ADC_Read9:
0x0030	0x1D1F      	BTFSS      ADCON0, 2
0x0031	0x2834      	GOTO       L__ADC_Read10
0x0032	0x0000      	NOP
0x0033	0x2830      	GOTO       L__ADC_Read9
L__ADC_Read10:
;__Lib_ADC_A_C.mpas,73 :: 		
0x0034	0x101F      	BCF        ADCON0, 0
;__Lib_ADC_A_C.mpas,76 :: 		
0x0035	0x081E      	MOVF       ADRESH, 0
0x0036	0x00F1      	MOVWF      R0+1
0x0037	0x01F0      	CLRF       R0
0x0038	0x1683      	BSF        STATUS, 5
0x0039	0x081E      	MOVF       ADRESL, 0
0x003A	0x0470      	IORWF      R0, 0
0x003B	0x1283      	BCF        STATUS, 5
0x003C	0x00AC      	MOVWF      ADC_Read_local_result
0x003D	0x0871      	MOVF       R0+1, 0
0x003E	0x00AD      	MOVWF      ADC_Read_local_result+1
0x003F	0x3000      	MOVLW      0
0x0040	0x04AD      	IORWF      ADC_Read_local_result+1, 1
;__Lib_ADC_A_C.mpas,78 :: 		
0x0041	0x082C      	MOVF       ADC_Read_local_result, 0
0x0042	0x00F0      	MOVWF      R0
0x0043	0x082D      	MOVF       ADC_Read_local_result+1, 0
0x0044	0x00F1      	MOVWF      R0+1
0x0045	0x0008      	RETURN
; end of _ADC_Read
_Indietro:
;Programma Pic ASAD.mbas,17 :: 		Sub Procedure Indietro () 'Sinistra
;Programma Pic ASAD.mbas,18 :: 		PortD.2 = 1 'Porta Dedita alla Enable
0x0046	0x1283      	BCF        STATUS, 5
0x0047	0x1303      	BCF        STATUS, 6
0x0048	0x1508      	BSF        PORTD, 2
;Programma Pic ASAD.mbas,19 :: 		PortD.1 = 0 'Porta Dedita a C (SX)
0x0049	0x1088      	BCF        PORTD, 1
;Programma Pic ASAD.mbas,20 :: 		PortD.0 = 1 'Porta Dedita a D (SX)
0x004A	0x1408      	BSF        PORTD, 0
;Programma Pic ASAD.mbas,21 :: 		PortC.1 = 0 'Porta Dedita a C (DX)
0x004B	0x1087      	BCF        PORTC, 1
;Programma Pic ASAD.mbas,22 :: 		PortC.0 = 1 'Porta Dedita a D (DX)
0x004C	0x1407      	BSF        PORTC, 0
;Programma Pic ASAD.mbas,23 :: 		End Sub
0x004D	0x0008      	RETURN
; end of _Indietro
_Sinistra:
;Programma Pic ASAD.mbas,31 :: 		Sub Procedure Sinistra () 'Indietro
;Programma Pic ASAD.mbas,32 :: 		PortD.2 = 1 'Porta Dedita alla Enable
0x004E	0x1283      	BCF        STATUS, 5
0x004F	0x1303      	BCF        STATUS, 6
0x0050	0x1508      	BSF        PORTD, 2
;Programma Pic ASAD.mbas,33 :: 		PortD.1 = 0 'Porta Dedita a C (SX)
0x0051	0x1088      	BCF        PORTD, 1
;Programma Pic ASAD.mbas,34 :: 		PortD.0 = 1 'Porta Dedita a D (SX)
0x0052	0x1408      	BSF        PORTD, 0
;Programma Pic ASAD.mbas,35 :: 		PortC.1 = 1 'Porta Dedita a C (DX)
0x0053	0x1487      	BSF        PORTC, 1
;Programma Pic ASAD.mbas,36 :: 		PortC.0 = 0 'Porta Dedita a D (DX)
0x0054	0x1007      	BCF        PORTC, 0
;Programma Pic ASAD.mbas,37 :: 		End Sub
0x0055	0x0008      	RETURN
; end of _Sinistra
_Chi:
;Programma Pic ASAD.mbas,62 :: 		Sub Procedure Chi() 'Chiusura Pinza
;Programma Pic ASAD.mbas,63 :: 		PortC.2 = 0 'Chiusura Pinza
0x0056	0x1283      	BCF        STATUS, 5
0x0057	0x1303      	BCF        STATUS, 6
0x0058	0x1107      	BCF        PORTC, 2
;Programma Pic ASAD.mbas,64 :: 		For T = 1 to  17
0x0059	0x3001      	MOVLW      1
0x005A	0x00A2      	MOVWF      _T
0x005B	0x01A3      	CLRF       _T+1
L__Chi16:
;Programma Pic ASAD.mbas,66 :: 		PortC.3 = 1  'Clock 65Hz 1 Semi-Periodo
0x005C	0x1587      	BSF        PORTC, 3
;Programma Pic ASAD.mbas,67 :: 		Delay_Ms (7) 'Clock 65Hz
0x005D	0x300A      	MOVLW      10
0x005E	0x00FC      	MOVWF      R12
0x005F	0x3015      	MOVLW      21
0x0060	0x00FD      	MOVWF      R13
L__Chi20:
0x0061	0x0BFD      	DECFSZ     R13, 1
0x0062	0x2861      	GOTO       L__Chi20
0x0063	0x0BFC      	DECFSZ     R12, 1
0x0064	0x2861      	GOTO       L__Chi20
0x0065	0x0000      	NOP
0x0066	0x0000      	NOP
;Programma Pic ASAD.mbas,68 :: 		PortC.3 = 0  'Clock 65Hz 2 Semi-Periodo
0x0067	0x1187      	BCF        PORTC, 3
;Programma Pic ASAD.mbas,69 :: 		Delay_Ms (7) 'Clock 65 Hz
0x0068	0x300A      	MOVLW      10
0x0069	0x00FC      	MOVWF      R12
0x006A	0x3015      	MOVLW      21
0x006B	0x00FD      	MOVWF      R13
L__Chi21:
0x006C	0x0BFD      	DECFSZ     R13, 1
0x006D	0x286C      	GOTO       L__Chi21
0x006E	0x0BFC      	DECFSZ     R12, 1
0x006F	0x286C      	GOTO       L__Chi21
0x0070	0x0000      	NOP
0x0071	0x0000      	NOP
;Programma Pic ASAD.mbas,70 :: 		Next T
0x0072	0x3000      	MOVLW      0
0x0073	0x0623      	XORWF      _T+1, 0
0x0074	0x1D03      	BTFSS      STATUS, 2
0x0075	0x2878      	GOTO       L__Chi141
0x0076	0x3011      	MOVLW      17
0x0077	0x0622      	XORWF      _T, 0
L__Chi141:
0x0078	0x1903      	BTFSC      STATUS, 2
0x0079	0x287E      	GOTO       L__Chi19
0x007A	0x0AA2      	INCF       _T, 1
0x007B	0x1903      	BTFSC      STATUS, 2
0x007C	0x0AA3      	INCF       _T+1, 1
0x007D	0x285C      	GOTO       L__Chi16
L__Chi19:
;Programma Pic ASAD.mbas,72 :: 		End Sub
0x007E	0x0008      	RETURN
; end of _Chi
_AutoEvita:
;Programma Pic ASAD.mbas,73 :: 		Sub Procedure AutoEvita () 'Programma 1 Modalità Auto-Evita
;Programma Pic ASAD.mbas,75 :: 		SDX = ADC_Read(1)   'Lettura valore dal Sensore Destro
0x007F	0x3001      	MOVLW      1
0x0080	0x1283      	BCF        STATUS, 5
0x0081	0x1303      	BCF        STATUS, 6
0x0082	0x00AB      	MOVWF      FARG_ADC_Read_channel
0x0083	0x201A      	CALL       _ADC_Read
0x0084	0x0870      	MOVF       R0, 0
0x0085	0x00A0      	MOVWF      _SDX
0x0086	0x0871      	MOVF       R0+1, 0
0x0087	0x00A1      	MOVWF      _SDX+1
;Programma Pic ASAD.mbas,76 :: 		SSX = ADC_Read(0)   'Lettura valore dal Sensore Sinistro
0x0088	0x01AB      	CLRF       FARG_ADC_Read_channel
0x0089	0x201A      	CALL       _ADC_Read
0x008A	0x0870      	MOVF       R0, 0
0x008B	0x00A6      	MOVWF      _SSX
0x008C	0x0871      	MOVF       R0+1, 0
0x008D	0x00A7      	MOVWF      _SSX+1
;Programma Pic ASAD.mbas,77 :: 		If (SSX > 50) or (SDX > 50) Then
0x008E	0x3080      	MOVLW      128
0x008F	0x00F2      	MOVWF      R2
0x0090	0x3080      	MOVLW      128
0x0091	0x0671      	XORWF      R0+1, 0
0x0092	0x0272      	SUBWF      R2, 0
0x0093	0x1D03      	BTFSS      STATUS, 2
0x0094	0x2897      	GOTO       L__AutoEvita142
0x0095	0x0870      	MOVF       R0, 0
0x0096	0x3C32      	SUBLW      50
L__AutoEvita142:
0x0097	0x30FF      	MOVLW      255
0x0098	0x1803      	BTFSC      STATUS, 0
0x0099	0x3000      	MOVLW      0
0x009A	0x00F2      	MOVWF      R2
0x009B	0x3080      	MOVLW      128
0x009C	0x00F0      	MOVWF      R0
0x009D	0x3080      	MOVLW      128
0x009E	0x0621      	XORWF      _SDX+1, 0
0x009F	0x0270      	SUBWF      R0, 0
0x00A0	0x1D03      	BTFSS      STATUS, 2
0x00A1	0x28A4      	GOTO       L__AutoEvita143
0x00A2	0x0820      	MOVF       _SDX, 0
0x00A3	0x3C32      	SUBLW      50
L__AutoEvita143:
0x00A4	0x30FF      	MOVLW      255
0x00A5	0x1803      	BTFSC      STATUS, 0
0x00A6	0x3000      	MOVLW      0
0x00A7	0x00F0      	MOVWF      R0
0x00A8	0x0872      	MOVF       R2, 0
0x00A9	0x04F0      	IORWF      R0, 1
0x00AA	0x1903      	BTFSC      STATUS, 2
0x00AB	0x28AE      	GOTO       L__AutoEvita24
;Programma Pic ASAD.mbas,78 :: 		Avanti ()
0x00AC	0x200A      	CALL       _Avanti
0x00AD	0x28F8      	GOTO       L__AutoEvita25
;Programma Pic ASAD.mbas,79 :: 		Else
L__AutoEvita24:
;Programma Pic ASAD.mbas,80 :: 		If (SSX - SDX > 0) Then
0x00AE	0x0820      	MOVF       _SDX, 0
0x00AF	0x0226      	SUBWF      _SSX, 0
0x00B0	0x00F1      	MOVWF      R1
0x00B1	0x0821      	MOVF       _SDX+1, 0
0x00B2	0x1C03      	BTFSS      STATUS, 0
0x00B3	0x3E01      	ADDLW      1
0x00B4	0x0227      	SUBWF      _SSX+1, 0
0x00B5	0x00F2      	MOVWF      R1+1
0x00B6	0x3080      	MOVLW      128
0x00B7	0x00F0      	MOVWF      R0
0x00B8	0x3080      	MOVLW      128
0x00B9	0x0672      	XORWF      R1+1, 0
0x00BA	0x0270      	SUBWF      R0, 0
0x00BB	0x1D03      	BTFSS      STATUS, 2
0x00BC	0x28BF      	GOTO       L__AutoEvita144
0x00BD	0x0871      	MOVF       R1, 0
0x00BE	0x3C00      	SUBLW      0
L__AutoEvita144:
0x00BF	0x1803      	BTFSC      STATUS, 0
0x00C0	0x28DD      	GOTO       L__AutoEvita27
;Programma Pic ASAD.mbas,81 :: 		If SSX < 20 Then
0x00C1	0x3080      	MOVLW      128
0x00C2	0x0627      	XORWF      _SSX+1, 0
0x00C3	0x00F0      	MOVWF      R0
0x00C4	0x3080      	MOVLW      128
0x00C5	0x0270      	SUBWF      R0, 0
0x00C6	0x1D03      	BTFSS      STATUS, 2
0x00C7	0x28CA      	GOTO       L__AutoEvita145
0x00C8	0x3014      	MOVLW      20
0x00C9	0x0226      	SUBWF      _SSX, 0
L__AutoEvita145:
0x00CA	0x1803      	BTFSC      STATUS, 0
0x00CB	0x28DB      	GOTO       L__AutoEvita30
;Programma Pic ASAD.mbas,82 :: 		Indietro ()
0x00CC	0x2046      	CALL       _Indietro
;Programma Pic ASAD.mbas,83 :: 		Delay_Ms (750)
0x00CD	0x3004      	MOVLW      4
0x00CE	0x00FB      	MOVWF      R11
0x00CF	0x30CF      	MOVLW      207
0x00D0	0x00FC      	MOVWF      R12
0x00D1	0x3001      	MOVLW      1
0x00D2	0x00FD      	MOVWF      R13
L__AutoEvita32:
0x00D3	0x0BFD      	DECFSZ     R13, 1
0x00D4	0x28D3      	GOTO       L__AutoEvita32
0x00D5	0x0BFC      	DECFSZ     R12, 1
0x00D6	0x28D3      	GOTO       L__AutoEvita32
0x00D7	0x0BFB      	DECFSZ     R11, 1
0x00D8	0x28D3      	GOTO       L__AutoEvita32
0x00D9	0x0000      	NOP
0x00DA	0x0000      	NOP
L__AutoEvita30:
;Programma Pic ASAD.mbas,85 :: 		Sinistra ()
0x00DB	0x204E      	CALL       _Sinistra
0x00DC	0x28F8      	GOTO       L__AutoEvita28
;Programma Pic ASAD.mbas,86 :: 		Else
L__AutoEvita27:
;Programma Pic ASAD.mbas,87 :: 		If SDX < 20 Then
0x00DD	0x3080      	MOVLW      128
0x00DE	0x0621      	XORWF      _SDX+1, 0
0x00DF	0x00F0      	MOVWF      R0
0x00E0	0x3080      	MOVLW      128
0x00E1	0x0270      	SUBWF      R0, 0
0x00E2	0x1D03      	BTFSS      STATUS, 2
0x00E3	0x28E6      	GOTO       L__AutoEvita146
0x00E4	0x3014      	MOVLW      20
0x00E5	0x0220      	SUBWF      _SDX, 0
L__AutoEvita146:
0x00E6	0x1803      	BTFSC      STATUS, 0
0x00E7	0x28F7      	GOTO       L__AutoEvita34
;Programma Pic ASAD.mbas,88 :: 		Indietro ()
0x00E8	0x2046      	CALL       _Indietro
;Programma Pic ASAD.mbas,89 :: 		Delay_Ms (750)
0x00E9	0x3004      	MOVLW      4
0x00EA	0x00FB      	MOVWF      R11
0x00EB	0x30CF      	MOVLW      207
0x00EC	0x00FC      	MOVWF      R12
0x00ED	0x3001      	MOVLW      1
0x00EE	0x00FD      	MOVWF      R13
L__AutoEvita36:
0x00EF	0x0BFD      	DECFSZ     R13, 1
0x00F0	0x28EF      	GOTO       L__AutoEvita36
0x00F1	0x0BFC      	DECFSZ     R12, 1
0x00F2	0x28EF      	GOTO       L__AutoEvita36
0x00F3	0x0BFB      	DECFSZ     R11, 1
0x00F4	0x28EF      	GOTO       L__AutoEvita36
0x00F5	0x0000      	NOP
0x00F6	0x0000      	NOP
L__AutoEvita34:
;Programma Pic ASAD.mbas,91 :: 		Destra ()
0x00F7	0x2012      	CALL       _Destra
;Programma Pic ASAD.mbas,92 :: 		End If
L__AutoEvita28:
;Programma Pic ASAD.mbas,93 :: 		End If
L__AutoEvita25:
;Programma Pic ASAD.mbas,100 :: 		End Sub
0x00F8	0x0008      	RETURN
; end of _AutoEvita
_FRMS:
;Programma Pic ASAD.mbas,38 :: 		Sub Procedure FRMS () 'Free Running Motor Stop
;Programma Pic ASAD.mbas,39 :: 		PortD.2 = 0 'Porta Dedita alla Enable
0x00F9	0x1283      	BCF        STATUS, 5
0x00FA	0x1303      	BCF        STATUS, 6
0x00FB	0x1108      	BCF        PORTD, 2
;Programma Pic ASAD.mbas,40 :: 		PortD.1 = 0 'Porta Dedita a C (SX)
0x00FC	0x1088      	BCF        PORTD, 1
;Programma Pic ASAD.mbas,41 :: 		PortD.0 = 0 'Porta Dedita a D (SX)
0x00FD	0x1008      	BCF        PORTD, 0
;Programma Pic ASAD.mbas,42 :: 		PortC.1 = 0 'Porta Dedita a C (DX)
0x00FE	0x1087      	BCF        PORTC, 1
;Programma Pic ASAD.mbas,43 :: 		PortC.0 = 0 'Porta Dedita a D (DX)
0x00FF	0x1007      	BCF        PORTC, 0
;Programma Pic ASAD.mbas,44 :: 		End Sub
0x0100	0x0008      	RETURN
; end of _FRMS
_Ape:
;Programma Pic ASAD.mbas,52 :: 		Sub Procedure Ape() 'Apertura Pinza
;Programma Pic ASAD.mbas,53 :: 		PortC.2 = 1 'Apertura Pinza
0x0101	0x1283      	BCF        STATUS, 5
0x0102	0x1303      	BCF        STATUS, 6
0x0103	0x1507      	BSF        PORTC, 2
;Programma Pic ASAD.mbas,54 :: 		For T = 1 to  14 ' Tempo Apertura
0x0104	0x3001      	MOVLW      1
0x0105	0x00A2      	MOVWF      _T
0x0106	0x01A3      	CLRF       _T+1
L__Ape8:
;Programma Pic ASAD.mbas,55 :: 		PortC.3 = 1  'Clock 65Hz 1 Semi-Periodo
0x0107	0x1587      	BSF        PORTC, 3
;Programma Pic ASAD.mbas,56 :: 		Delay_Ms (7) 'Clock 65Hz
0x0108	0x300A      	MOVLW      10
0x0109	0x00FC      	MOVWF      R12
0x010A	0x3015      	MOVLW      21
0x010B	0x00FD      	MOVWF      R13
L__Ape12:
0x010C	0x0BFD      	DECFSZ     R13, 1
0x010D	0x290C      	GOTO       L__Ape12
0x010E	0x0BFC      	DECFSZ     R12, 1
0x010F	0x290C      	GOTO       L__Ape12
0x0110	0x0000      	NOP
0x0111	0x0000      	NOP
;Programma Pic ASAD.mbas,57 :: 		PortC.3 = 0  'Clock 65Hz 2 Semi-Periodo
0x0112	0x1187      	BCF        PORTC, 3
;Programma Pic ASAD.mbas,58 :: 		Delay_Ms (7) 'Clock 65 Hz
0x0113	0x300A      	MOVLW      10
0x0114	0x00FC      	MOVWF      R12
0x0115	0x3015      	MOVLW      21
0x0116	0x00FD      	MOVWF      R13
L__Ape13:
0x0117	0x0BFD      	DECFSZ     R13, 1
0x0118	0x2917      	GOTO       L__Ape13
0x0119	0x0BFC      	DECFSZ     R12, 1
0x011A	0x2917      	GOTO       L__Ape13
0x011B	0x0000      	NOP
0x011C	0x0000      	NOP
;Programma Pic ASAD.mbas,59 :: 		Next T
0x011D	0x3000      	MOVLW      0
0x011E	0x0623      	XORWF      _T+1, 0
0x011F	0x1D03      	BTFSS      STATUS, 2
0x0120	0x2923      	GOTO       L__Ape140
0x0121	0x300E      	MOVLW      14
0x0122	0x0622      	XORWF      _T, 0
L__Ape140:
0x0123	0x1903      	BTFSC      STATUS, 2
0x0124	0x2929      	GOTO       L__Ape11
0x0125	0x0AA2      	INCF       _T, 1
0x0126	0x1903      	BTFSC      STATUS, 2
0x0127	0x0AA3      	INCF       _T+1, 1
0x0128	0x2907      	GOTO       L__Ape8
L__Ape11:
;Programma Pic ASAD.mbas,61 :: 		End Sub
0x0129	0x0008      	RETURN
; end of _Ape
_Ins:
;Programma Pic ASAD.mbas,143 :: 		Sub Procedure Ins()
;Programma Pic ASAD.mbas,144 :: 		SDX = ADC_Read(1)   'Lettura valore dal Sensore Destro
0x012A	0x3001      	MOVLW      1
0x012B	0x1283      	BCF        STATUS, 5
0x012C	0x1303      	BCF        STATUS, 6
0x012D	0x00AB      	MOVWF      FARG_ADC_Read_channel
0x012E	0x201A      	CALL       _ADC_Read
0x012F	0x0870      	MOVF       R0, 0
0x0130	0x00A0      	MOVWF      _SDX
0x0131	0x0871      	MOVF       R0+1, 0
0x0132	0x00A1      	MOVWF      _SDX+1
;Programma Pic ASAD.mbas,145 :: 		SSX = ADC_Read(0)   'Lettura valore dal Sensore Sinistro
0x0133	0x01AB      	CLRF       FARG_ADC_Read_channel
0x0134	0x201A      	CALL       _ADC_Read
0x0135	0x0870      	MOVF       R0, 0
0x0136	0x00A6      	MOVWF      _SSX
0x0137	0x0871      	MOVF       R0+1, 0
0x0138	0x00A7      	MOVWF      _SSX+1
;Programma Pic ASAD.mbas,146 :: 		If (SSX > 40) or (SDX > 40) Then
0x0139	0x3080      	MOVLW      128
0x013A	0x00F2      	MOVWF      R2
0x013B	0x3080      	MOVLW      128
0x013C	0x0671      	XORWF      R0+1, 0
0x013D	0x0272      	SUBWF      R2, 0
0x013E	0x1D03      	BTFSS      STATUS, 2
0x013F	0x2942      	GOTO       L__Ins150
0x0140	0x0870      	MOVF       R0, 0
0x0141	0x3C28      	SUBLW      40
L__Ins150:
0x0142	0x30FF      	MOVLW      255
0x0143	0x1803      	BTFSC      STATUS, 0
0x0144	0x3000      	MOVLW      0
0x0145	0x00F2      	MOVWF      R2
0x0146	0x3080      	MOVLW      128
0x0147	0x00F0      	MOVWF      R0
0x0148	0x3080      	MOVLW      128
0x0149	0x0621      	XORWF      _SDX+1, 0
0x014A	0x0270      	SUBWF      R0, 0
0x014B	0x1D03      	BTFSS      STATUS, 2
0x014C	0x294F      	GOTO       L__Ins151
0x014D	0x0820      	MOVF       _SDX, 0
0x014E	0x3C28      	SUBLW      40
L__Ins151:
0x014F	0x30FF      	MOVLW      255
0x0150	0x1803      	BTFSC      STATUS, 0
0x0151	0x3000      	MOVLW      0
0x0152	0x00F0      	MOVWF      R0
0x0153	0x0872      	MOVF       R2, 0
0x0154	0x04F0      	IORWF      R0, 1
0x0155	0x1903      	BTFSC      STATUS, 2
0x0156	0x2959      	GOTO       L__Ins68
;Programma Pic ASAD.mbas,147 :: 		FRMS ()
0x0157	0x20F9      	CALL       _FRMS
0x0158	0x2972      	GOTO       L__Ins69
;Programma Pic ASAD.mbas,148 :: 		Else
L__Ins68:
;Programma Pic ASAD.mbas,149 :: 		Avanti ()
0x0159	0x200A      	CALL       _Avanti
;Programma Pic ASAD.mbas,150 :: 		If SSX < 20 Then  'sX
0x015A	0x3080      	MOVLW      128
0x015B	0x0627      	XORWF      _SSX+1, 0
0x015C	0x00F0      	MOVWF      R0
0x015D	0x3080      	MOVLW      128
0x015E	0x0270      	SUBWF      R0, 0
0x015F	0x1D03      	BTFSS      STATUS, 2
0x0160	0x2963      	GOTO       L__Ins152
0x0161	0x3014      	MOVLW      20
0x0162	0x0226      	SUBWF      _SSX, 0
L__Ins152:
0x0163	0x1803      	BTFSC      STATUS, 0
0x0164	0x2966      	GOTO       L__Ins71
;Programma Pic ASAD.mbas,151 :: 		Sinistra()
0x0165	0x204E      	CALL       _Sinistra
L__Ins71:
;Programma Pic ASAD.mbas,153 :: 		If SDX < 20 Then   'dx
0x0166	0x3080      	MOVLW      128
0x0167	0x0621      	XORWF      _SDX+1, 0
0x0168	0x00F0      	MOVWF      R0
0x0169	0x3080      	MOVLW      128
0x016A	0x0270      	SUBWF      R0, 0
0x016B	0x1D03      	BTFSS      STATUS, 2
0x016C	0x296F      	GOTO       L__Ins153
0x016D	0x3014      	MOVLW      20
0x016E	0x0220      	SUBWF      _SDX, 0
L__Ins153:
0x016F	0x1803      	BTFSC      STATUS, 0
0x0170	0x2972      	GOTO       L__Ins74
;Programma Pic ASAD.mbas,154 :: 		Destra()
0x0171	0x2012      	CALL       _Destra
L__Ins74:
;Programma Pic ASAD.mbas,156 :: 		End If
L__Ins69:
;Programma Pic ASAD.mbas,157 :: 		End sub
0x0172	0x0008      	RETURN
; end of _Ins
_AE:
;Programma Pic ASAD.mbas,113 :: 		Sub Procedure AE ()
;Programma Pic ASAD.mbas,114 :: 		SIS = ADC_Read (2)
0x0173	0x3002      	MOVLW      2
0x0174	0x1283      	BCF        STATUS, 5
0x0175	0x1303      	BCF        STATUS, 6
0x0176	0x00AB      	MOVWF      FARG_ADC_Read_channel
0x0177	0x201A      	CALL       _ADC_Read
0x0178	0x0870      	MOVF       R0, 0
0x0179	0x00A4      	MOVWF      _SIS
0x017A	0x0871      	MOVF       R0+1, 0
0x017B	0x00A5      	MOVWF      _SIS+1
;Programma Pic ASAD.mbas,115 :: 		If SIS < 300 Then
0x017C	0x3080      	MOVLW      128
0x017D	0x0671      	XORWF      R0+1, 0
0x017E	0x00F2      	MOVWF      R2
0x017F	0x3080      	MOVLW      128
0x0180	0x3A01      	XORLW      1
0x0181	0x0272      	SUBWF      R2, 0
0x0182	0x1D03      	BTFSS      STATUS, 2
0x0183	0x2986      	GOTO       L__AE149
0x0184	0x302C      	MOVLW      44
0x0185	0x0270      	SUBWF      R0, 0
L__AE149:
0x0186	0x1803      	BTFSC      STATUS, 0
0x0187	0x298A      	GOTO       L__AE47
;Programma Pic ASAD.mbas,116 :: 		AutoEvita ()
0x0188	0x207F      	CALL       _AutoEvita
0x0189	0x29C6      	GOTO       L__AE48
;Programma Pic ASAD.mbas,117 :: 		Else
L__AE47:
;Programma Pic ASAD.mbas,118 :: 		Ape ()
0x018A	0x2101      	CALL       _Ape
;Programma Pic ASAD.mbas,119 :: 		FRMS ()
0x018B	0x20F9      	CALL       _FRMS
;Programma Pic ASAD.mbas,120 :: 		Delay_MS (1000)
0x018C	0x3006      	MOVLW      6
0x018D	0x00FB      	MOVWF      R11
0x018E	0x3013      	MOVLW      19
0x018F	0x00FC      	MOVWF      R12
0x0190	0x30AD      	MOVLW      173
0x0191	0x00FD      	MOVWF      R13
L__AE49:
0x0192	0x0BFD      	DECFSZ     R13, 1
0x0193	0x2992      	GOTO       L__AE49
0x0194	0x0BFC      	DECFSZ     R12, 1
0x0195	0x2992      	GOTO       L__AE49
0x0196	0x0BFB      	DECFSZ     R11, 1
0x0197	0x2992      	GOTO       L__AE49
0x0198	0x0000      	NOP
0x0199	0x0000      	NOP
;Programma Pic ASAD.mbas,121 :: 		Chi ()
0x019A	0x2056      	CALL       _Chi
;Programma Pic ASAD.mbas,122 :: 		Delay_Ms (5000)
0x019B	0x301A      	MOVLW      26
0x019C	0x00FB      	MOVWF      R11
0x019D	0x305E      	MOVLW      94
0x019E	0x00FC      	MOVWF      R12
0x019F	0x306E      	MOVLW      110
0x01A0	0x00FD      	MOVWF      R13
L__AE50:
0x01A1	0x0BFD      	DECFSZ     R13, 1
0x01A2	0x29A1      	GOTO       L__AE50
0x01A3	0x0BFC      	DECFSZ     R12, 1
0x01A4	0x29A1      	GOTO       L__AE50
0x01A5	0x0BFB      	DECFSZ     R11, 1
0x01A6	0x29A1      	GOTO       L__AE50
0x01A7	0x0000      	NOP
;Programma Pic ASAD.mbas,123 :: 		Ape ()
0x01A8	0x2101      	CALL       _Ape
;Programma Pic ASAD.mbas,124 :: 		Delay_MS (1000)
0x01A9	0x3006      	MOVLW      6
0x01AA	0x00FB      	MOVWF      R11
0x01AB	0x3013      	MOVLW      19
0x01AC	0x00FC      	MOVWF      R12
0x01AD	0x30AD      	MOVLW      173
0x01AE	0x00FD      	MOVWF      R13
L__AE51:
0x01AF	0x0BFD      	DECFSZ     R13, 1
0x01B0	0x29AF      	GOTO       L__AE51
0x01B1	0x0BFC      	DECFSZ     R12, 1
0x01B2	0x29AF      	GOTO       L__AE51
0x01B3	0x0BFB      	DECFSZ     R11, 1
0x01B4	0x29AF      	GOTO       L__AE51
0x01B5	0x0000      	NOP
0x01B6	0x0000      	NOP
;Programma Pic ASAD.mbas,125 :: 		Indietro ()
0x01B7	0x2046      	CALL       _Indietro
;Programma Pic ASAD.mbas,126 :: 		Delay_MS (3000)
0x01B8	0x3010      	MOVLW      16
0x01B9	0x00FB      	MOVWF      R11
0x01BA	0x3039      	MOVLW      57
0x01BB	0x00FC      	MOVWF      R12
0x01BC	0x300D      	MOVLW      13
0x01BD	0x00FD      	MOVWF      R13
L__AE52:
0x01BE	0x0BFD      	DECFSZ     R13, 1
0x01BF	0x29BE      	GOTO       L__AE52
0x01C0	0x0BFC      	DECFSZ     R12, 1
0x01C1	0x29BE      	GOTO       L__AE52
0x01C2	0x0BFB      	DECFSZ     R11, 1
0x01C3	0x29BE      	GOTO       L__AE52
0x01C4	0x0000      	NOP
0x01C5	0x0000      	NOP
;Programma Pic ASAD.mbas,127 :: 		End If
L__AE48:
;Programma Pic ASAD.mbas,128 :: 		End Sub
0x01C6	0x0008      	RETURN
; end of _AE
_UART1_Read:
;__Lib_UART_c67.mpas,54 :: 		
;__Lib_UART_c67.mpas,55 :: 		
0x01C7	0x1283      	BCF        STATUS, 5
0x01C8	0x1303      	BCF        STATUS, 6
0x01C9	0x081A      	MOVF       RCREG, 0
0x01CA	0x00F2      	MOVWF      R2
;__Lib_UART_c67.mpas,56 :: 		
0x01CB	0x1C98      	BTFSS      RCSTA, 1
0x01CC	0x29CF      	GOTO       L__UART1_Read9
;__Lib_UART_c67.mpas,58 :: 		
0x01CD	0x1218      	BCF        RCSTA, 4
;__Lib_UART_c67.mpas,59 :: 		
0x01CE	0x1618      	BSF        RCSTA, 4
;__Lib_UART_c67.mpas,60 :: 		
L__UART1_Read9:
;__Lib_UART_c67.mpas,61 :: 		
0x01CF	0x0872      	MOVF       R2, 0
0x01D0	0x00F1      	MOVWF      R1
;__Lib_UART_c67.mpas,62 :: 		
0x01D1	0x0871      	MOVF       R1, 0
0x01D2	0x00F0      	MOVWF      R0
0x01D3	0x0008      	RETURN
; end of _UART1_Read
_UART1_Data_Ready:
;__Lib_UART_c67.mpas,46 :: 		
;__Lib_UART_c67.mpas,47 :: 		
0x01D4	0x3000      	MOVLW      0
0x01D5	0x1283      	BCF        STATUS, 5
0x01D6	0x1303      	BCF        STATUS, 6
0x01D7	0x1A8C      	BTFSC      PIR1, 5
0x01D8	0x3001      	MOVLW      1
0x01D9	0x00F1      	MOVWF      R1
;__Lib_UART_c67.mpas,48 :: 		
0x01DA	0x0871      	MOVF       R1, 0
0x01DB	0x00F0      	MOVWF      R0
0x01DC	0x0008      	RETURN
; end of _UART1_Data_Ready
_UART1_Init:
;__Lib_UART_c67.mpas,33 :: 		
;__Lib_UART_c67.mpas,34 :: 		
0x01DD	0x1683      	BSF        STATUS, 5
0x01DE	0x1303      	BCF        STATUS, 6
0x01DF	0x1698      	BSF        TXSTA, 5
;__Lib_UART_c67.mpas,35 :: 		
0x01E0	0x3090      	MOVLW      144
0x01E1	0x1283      	BCF        STATUS, 5
0x01E2	0x0098      	MOVWF      RCSTA
;__Lib_UART_c67.mpas,36 :: 		
0x01E3	0x1683      	BSF        STATUS, 5
0x01E4	0x1787      	BSF        TRISC7_bit, 7
;__Lib_UART_c67.mpas,37 :: 		
0x01E5	0x1307      	BCF        TRISC6_bit, 6
;__Lib_UART_c67.mpas,38 :: 		
L__UART1_Init2:
0x01E6	0x1283      	BCF        STATUS, 5
0x01E7	0x1E8C      	BTFSS      PIR1, 5
0x01E8	0x29EC      	GOTO       L__UART1_Init3
;__Lib_UART_c67.mpas,39 :: 		
0x01E9	0x081A      	MOVF       RCREG, 0
0x01EA	0x00F0      	MOVWF      R0
0x01EB	0x29E6      	GOTO       L__UART1_Init2
L__UART1_Init3:
;__Lib_UART_c67.mpas,40 :: 		
0x01EC	0x0008      	RETURN
; end of _UART1_Init
_main:
;Programma Pic ASAD.mbas,160 :: 		Main:
;Programma Pic ASAD.mbas,162 :: 		TRISA = %00000111               ' Imposta RA0,RA1 e RA2 come ingresso
0x01ED	0x3007      	MOVLW      7
0x01EE	0x1683      	BSF        STATUS, 5
0x01EF	0x1303      	BCF        STATUS, 6
0x01F0	0x0085      	MOVWF      TRISA
;Programma Pic ASAD.mbas,163 :: 		PORTB = 0
0x01F1	0x1283      	BCF        STATUS, 5
0x01F2	0x0186      	CLRF       PORTB
;Programma Pic ASAD.mbas,164 :: 		TRISB = 0
0x01F3	0x1683      	BSF        STATUS, 5
0x01F4	0x0186      	CLRF       TRISB
;Programma Pic ASAD.mbas,165 :: 		ADCON0 = %01000001        ' Fosc/8 , A/D abilitato
0x01F5	0x3041      	MOVLW      65
0x01F6	0x1283      	BCF        STATUS, 5
0x01F7	0x009F      	MOVWF      ADCON0
;Programma Pic ASAD.mbas,166 :: 		OPTION_REG = %10000111        ' TMR0 prescaler, 1:256
0x01F8	0x3087      	MOVLW      135
0x01F9	0x1683      	BSF        STATUS, 5
0x01FA	0x0081      	MOVWF      OPTION_REG
;Programma Pic ASAD.mbas,167 :: 		TRISC = %10000000              ' Imposta le 0;1;2;3;4;5;6 Porta C Di Uscita e la porta 7 di Ingresso   (6RX;7TX Bluetooth)
0x01FB	0x3080      	MOVLW      128
0x01FC	0x0087      	MOVWF      TRISC
;Programma Pic ASAD.mbas,168 :: 		TRISD = 0                      ' Imposta tutta la Porta D di Uscita
0x01FD	0x0188      	CLRF       TRISD
;Programma Pic ASAD.mbas,170 :: 		ADCON1  = $80
0x01FE	0x3080      	MOVLW      128
0x01FF	0x009F      	MOVWF      ADCON1
;Programma Pic ASAD.mbas,171 :: 		UART1_Init(115200)    ' Inizializza il Modulo UART con Velocità = 115200
0x0200	0x3001      	MOVLW      1
0x0201	0x0099      	MOVWF      SPBRG
0x0202	0x1518      	BSF        TXSTA, 2
0x0203	0x21DD      	CALL       _UART1_Init
;Programma Pic ASAD.mbas,172 :: 		Delay_ms(100)         '  Tempo di Attesa per stabilizzare il Modulo UART
0x0204	0x3082      	MOVLW      130
0x0205	0x00FC      	MOVWF      R12
0x0206	0x30DD      	MOVLW      221
0x0207	0x00FD      	MOVWF      R13
L__main77:
0x0208	0x0BFD      	DECFSZ     R13, 1
0x0209	0x2A08      	GOTO       L__main77
0x020A	0x0BFC      	DECFSZ     R12, 1
0x020B	0x2A08      	GOTO       L__main77
0x020C	0x0000      	NOP
0x020D	0x0000      	NOP
;Programma Pic ASAD.mbas,174 :: 		While 1                         ' Ciclo Infinito
L__main79:
;Programma Pic ASAD.mbas,175 :: 		If (UART1_Data_Ready() = 1) then  'Se il dato è ricevuto...
0x020E	0x21D4      	CALL       _UART1_Data_Ready
0x020F	0x0870      	MOVF       R0, 0
0x0210	0x3A01      	XORLW      1
0x0211	0x1D03      	BTFSS      STATUS, 2
0x0212	0x2A16      	GOTO       L__main84
;Programma Pic ASAD.mbas,176 :: 		BLU = UART1_Read() 'Legge i Dati Ricevuto e lo mette dentro la variabile
0x0213	0x21C7      	CALL       _UART1_Read
0x0214	0x0870      	MOVF       R0, 0
0x0215	0x00AA      	MOVWF      _BLU
L__main84:
;Programma Pic ASAD.mbas,178 :: 		If BLU = %01110001 Then 'AutoEvita '1
0x0216	0x082A      	MOVF       _BLU, 0
0x0217	0x3A71      	XORLW      113
0x0218	0x1D03      	BTFSS      STATUS, 2
0x0219	0x2A1C      	GOTO       L__main87
;Programma Pic ASAD.mbas,179 :: 		AutoEvita ()
0x021A	0x207F      	CALL       _AutoEvita
0x021B	0x2A32      	GOTO       L__main88
;Programma Pic ASAD.mbas,180 :: 		Else If BLU = %01110000 Then  'Stop '0
L__main87:
0x021C	0x082A      	MOVF       _BLU, 0
0x021D	0x3A70      	XORLW      112
0x021E	0x1D03      	BTFSS      STATUS, 2
0x021F	0x2A22      	GOTO       L__main90
;Programma Pic ASAD.mbas,181 :: 		FRMS ()
0x0220	0x20F9      	CALL       _FRMS
0x0221	0x2A32      	GOTO       L__main91
;Programma Pic ASAD.mbas,182 :: 		Else If BLU = %01110011 Then  'Manuale '3
L__main90:
0x0222	0x082A      	MOVF       _BLU, 0
0x0223	0x3A73      	XORLW      115
0x0224	0x1D03      	BTFSS      STATUS, 2
0x0225	0x2A27      	GOTO       L__main93
;Programma Pic ASAD.mbas,183 :: 		Goto Manual
0x0226	0x2A33      	GOTO       L__main_manual
;Programma Pic ASAD.mbas,184 :: 		Else If BLU = %01110010 Then 'AutoEvita e Cattura '2
L__main93:
0x0227	0x082A      	MOVF       _BLU, 0
0x0228	0x3A72      	XORLW      114
0x0229	0x1D03      	BTFSS      STATUS, 2
0x022A	0x2A2D      	GOTO       L__main97
;Programma Pic ASAD.mbas,185 :: 		AE ()
0x022B	0x2173      	CALL       _AE
0x022C	0x2A32      	GOTO       L__main98
;Programma Pic ASAD.mbas,186 :: 		Else If BLU = %01110100 Then 'Inseguitore '4
L__main97:
0x022D	0x082A      	MOVF       _BLU, 0
0x022E	0x3A74      	XORLW      116
0x022F	0x1D03      	BTFSS      STATUS, 2
0x0230	0x2A32      	GOTO       L__main100
;Programma Pic ASAD.mbas,187 :: 		Ins()
0x0231	0x212A      	CALL       _Ins
L__main100:
;Programma Pic ASAD.mbas,189 :: 		End If
L__main98:
;Programma Pic ASAD.mbas,191 :: 		End If
L__main91:
;Programma Pic ASAD.mbas,192 :: 		End If
L__main88:
;Programma Pic ASAD.mbas,193 :: 		Wend
0x0232	0x2A0E      	GOTO       L__main79
;Programma Pic ASAD.mbas,194 :: 		Manual:
L__main_manual:
;Programma Pic ASAD.mbas,195 :: 		While 1
L__main103:
;Programma Pic ASAD.mbas,196 :: 		If (UART1_Data_Ready() = 1) then  'Se il dato è ricevuto...
0x0233	0x21D4      	CALL       _UART1_Data_Ready
0x0234	0x0870      	MOVF       R0, 0
0x0235	0x3A01      	XORLW      1
0x0236	0x1D03      	BTFSS      STATUS, 2
0x0237	0x2A76      	GOTO       L__main108
;Programma Pic ASAD.mbas,197 :: 		BLU = UART1_Read() 'Legge i Dati Ricevuto e lo mette dentro la variabile
0x0238	0x21C7      	CALL       _UART1_Read
0x0239	0x0870      	MOVF       R0, 0
0x023A	0x00AA      	MOVWF      _BLU
;Programma Pic ASAD.mbas,198 :: 		If BLU = %10000001 Then'A
0x023B	0x0870      	MOVF       R0, 0
0x023C	0x3A81      	XORLW      129
0x023D	0x1D03      	BTFSS      STATUS, 2
0x023E	0x2A41      	GOTO       L__main111
;Programma Pic ASAD.mbas,199 :: 		Avanti ()
0x023F	0x200A      	CALL       _Avanti
0x0240	0x2A76      	GOTO       L__main112
;Programma Pic ASAD.mbas,200 :: 		Else If BLU = %10001001 Then 'I
L__main111:
0x0241	0x082A      	MOVF       _BLU, 0
0x0242	0x3A89      	XORLW      137
0x0243	0x1D03      	BTFSS      STATUS, 2
0x0244	0x2A47      	GOTO       L__main114
;Programma Pic ASAD.mbas,201 :: 		Indietro ()
0x0245	0x2046      	CALL       _Indietro
0x0246	0x2A76      	GOTO       L__main115
;Programma Pic ASAD.mbas,202 :: 		Else If BLU = %10000100 Then 'D
L__main114:
0x0247	0x082A      	MOVF       _BLU, 0
0x0248	0x3A84      	XORLW      132
0x0249	0x1D03      	BTFSS      STATUS, 2
0x024A	0x2A4D      	GOTO       L__main117
;Programma Pic ASAD.mbas,203 :: 		Destra ()
0x024B	0x2012      	CALL       _Destra
0x024C	0x2A76      	GOTO       L__main118
;Programma Pic ASAD.mbas,204 :: 		Else If BLU = %10110011 Then 'S
L__main117:
0x024D	0x082A      	MOVF       _BLU, 0
0x024E	0x3AB3      	XORLW      179
0x024F	0x1D03      	BTFSS      STATUS, 2
0x0250	0x2A53      	GOTO       L__main120
;Programma Pic ASAD.mbas,205 :: 		Sinistra ()
0x0251	0x204E      	CALL       _Sinistra
0x0252	0x2A76      	GOTO       L__main121
;Programma Pic ASAD.mbas,206 :: 		Else If BLU = %10000110 Then 'F
L__main120:
0x0253	0x082A      	MOVF       _BLU, 0
0x0254	0x3A86      	XORLW      134
0x0255	0x1D03      	BTFSS      STATUS, 2
0x0256	0x2A59      	GOTO       L__main123
;Programma Pic ASAD.mbas,207 :: 		FRMS ()
0x0257	0x20F9      	CALL       _FRMS
0x0258	0x2A76      	GOTO       L__main124
;Programma Pic ASAD.mbas,208 :: 		Else If BLU = %01110000 Then'0
L__main123:
0x0259	0x082A      	MOVF       _BLU, 0
0x025A	0x3A70      	XORLW      112
0x025B	0x1D03      	BTFSS      STATUS, 2
0x025C	0x2A5F      	GOTO       L__main126
;Programma Pic ASAD.mbas,209 :: 		Goto Main
0x025D	0x29ED      	GOTO       _main
0x025E	0x2A76      	GOTO       L__main127
;Programma Pic ASAD.mbas,210 :: 		Else If BLU = %01110001 Then '1
L__main126:
0x025F	0x082A      	MOVF       _BLU, 0
0x0260	0x3A71      	XORLW      113
0x0261	0x1D03      	BTFSS      STATUS, 2
0x0262	0x2A65      	GOTO       L__main129
;Programma Pic ASAD.mbas,211 :: 		Goto Main
0x0263	0x29ED      	GOTO       _main
0x0264	0x2A76      	GOTO       L__main130
;Programma Pic ASAD.mbas,212 :: 		Else If BLU = %01110010 Then '2
L__main129:
0x0265	0x082A      	MOVF       _BLU, 0
0x0266	0x3A72      	XORLW      114
0x0267	0x1D03      	BTFSS      STATUS, 2
0x0268	0x2A6B      	GOTO       L__main132
;Programma Pic ASAD.mbas,213 :: 		Goto Main
0x0269	0x29ED      	GOTO       _main
0x026A	0x2A76      	GOTO       L__main133
;Programma Pic ASAD.mbas,214 :: 		Else If BLU = %10110000 Then 'P
L__main132:
0x026B	0x082A      	MOVF       _BLU, 0
0x026C	0x3AB0      	XORLW      176
0x026D	0x1D03      	BTFSS      STATUS, 2
0x026E	0x2A71      	GOTO       L__main135
;Programma Pic ASAD.mbas,215 :: 		Ape ()
0x026F	0x2101      	CALL       _Ape
0x0270	0x2A76      	GOTO       L__main136
;Programma Pic ASAD.mbas,216 :: 		Else If BLU = %10110001 Then 'Q
L__main135:
0x0271	0x082A      	MOVF       _BLU, 0
0x0272	0x3AB1      	XORLW      177
0x0273	0x1D03      	BTFSS      STATUS, 2
0x0274	0x2A76      	GOTO       L__main138
;Programma Pic ASAD.mbas,217 :: 		Chi ()
0x0275	0x2056      	CALL       _Chi
L__main138:
;Programma Pic ASAD.mbas,219 :: 		End If
L__main136:
;Programma Pic ASAD.mbas,220 :: 		End If
L__main133:
;Programma Pic ASAD.mbas,221 :: 		End If
L__main130:
;Programma Pic ASAD.mbas,222 :: 		End If
L__main127:
;Programma Pic ASAD.mbas,223 :: 		End If
L__main124:
;Programma Pic ASAD.mbas,224 :: 		End If
L__main121:
;Programma Pic ASAD.mbas,225 :: 		End If
L__main118:
;Programma Pic ASAD.mbas,226 :: 		End If
L__main115:
;Programma Pic ASAD.mbas,227 :: 		End If
L__main112:
L__main108:
;Programma Pic ASAD.mbas,229 :: 		Wend
0x0276	0x2A33      	GOTO       L__main103
0x0277	0x2A77      	GOTO       $+0
; end of _main
Symbol List:
//** Routines locations **
//ADDRESS    SIZE    PROCEDURE
//----------------------------------------------
0x0003       [7]    _Delay_22us
0x000A       [8]    _Avanti
0x0012       [8]    _Destra
0x001A      [44]    _ADC_Read
0x0046       [8]    _Indietro
0x004E       [8]    _Sinistra
0x0056      [41]    _Chi
0x007F     [122]    _AutoEvita
0x00F9       [8]    _FRMS
0x0101      [41]    _Ape
0x012A      [73]    _Ins
0x0173      [84]    _AE
0x01C7      [13]    _UART1_Read
0x01D4       [9]    _UART1_Data_Ready
0x01DD      [16]    _UART1_Init
0x01ED     [139]    _main
//** Variables locations ** 
//ADDRESS    SIZE    VARIABLE
//----------------------------------------------
0x0000       [1]    INDF
0x0001       [1]    TMR0
0x0002       [1]    PCL
0x0003       [0]    C_bit
0x0003       [1]    STATUS
0x0003       [0]    NOT_TO_bit
0x0003       [0]    IRP_bit
0x0003       [0]    RP0_bit
0x0003       [0]    RP1_bit
0x0003       [0]    DC_bit
0x0003       [0]    NOT_PD_bit
0x0003       [0]    Z_bit
0x0004       [1]    FSRPTR
0x0004       [1]    FSR
0x0005       [0]    RA3_bit
0x0005       [0]    RA4_bit
0x0005       [0]    RA2_bit
0x0005       [0]    RA1_bit
0x0005       [0]    RA0_bit
0x0005       [0]    RA5_bit
0x0005       [1]    PORTA
0x0006       [0]    RB3_bit
0x0006       [0]    RB0_bit
0x0006       [1]    PORTB
0x0006       [0]    RB2_bit
0x0006       [0]    RB1_bit
0x0006       [0]    RB6_bit
0x0006       [0]    RB7_bit
0x0006       [0]    RB4_bit
0x0006       [0]    RB5_bit
0x0007       [0]    RC5_bit
0x0007       [0]    RC4_bit
0x0007       [0]    RC6_bit
0x0007       [1]    PORTC
0x0007       [0]    RC7_bit
0x0007       [0]    RC3_bit
0x0007       [0]    RC0_bit
0x0007       [0]    RC1_bit
0x0007       [0]    RC2_bit
0x0008       [0]    RD6_bit
0x0008       [0]    RD5_bit
0x0008       [1]    PORTD
0x0008       [0]    RD7_bit
0x0008       [0]    RD4_bit
0x0008       [0]    RD1_bit
0x0008       [0]    RD0_bit
0x0008       [0]    RD3_bit
0x0008       [0]    RD2_bit
0x0009       [0]    RE1_bit
0x0009       [0]    RE0_bit
0x0009       [0]    RE2_bit
0x0009       [1]    PORTE
0x000A       [1]    PCLATH
0x000B       [0]    TMR0IF_bit
0x000B       [0]    T0IF_bit
0x000B       [0]    T0IE_bit
0x000B       [0]    RBIF_bit
0x000B       [1]    INTCON
0x000B       [0]    GIE_bit
0x000B       [0]    PEIE_bit
0x000B       [0]    RBIE_bit
0x000B       [0]    INTE_bit
0x000B       [0]    INTF_bit
0x000B       [0]    TMR0IE_bit
0x000C       [0]    PSPIF_bit
0x000C       [0]    SSPIF_bit
0x000C       [0]    TMR1IF_bit
0x000C       [0]    TXIF_bit
0x000C       [0]    TMR2IF_bit
0x000C       [0]    CCP1IF_bit
0x000C       [0]    ADIF_bit
0x000C       [1]    PIR1
0x000C       [0]    RCIF_bit
0x000D       [0]    CCP2IF_bit
0x000D       [0]    CMIF_bit
0x000D       [1]    PIR2
0x000D       [0]    BCLIF_bit
0x000D       [0]    EEIF_bit
0x000E       [1]    TMR1L
0x000F       [1]    TMR1H
0x0010       [0]    T1CKPS1_bit
0x0010       [0]    T1INSYNC_bit
0x0010       [0]    T1OSCEN_bit
0x0010       [1]    T1CON
0x0010       [0]    TMR1ON_bit
0x0010       [0]    T1CKPS0_bit
0x0010       [0]    NOT_T1SYNC_bit
0x0010       [0]    T1SYNC_bit
0x0010       [0]    TMR1CS_bit
0x0011       [1]    TMR2
0x0012       [0]    TOUTPS1_bit
0x0012       [0]    T2CKPS1_bit
0x0012       [0]    TOUTPS2_bit
0x0012       [0]    TOUTPS3_bit
0x0012       [1]    T2CON
0x0012       [0]    TMR2ON_bit
0x0012       [0]    T2CKPS0_bit
0x0012       [0]    TOUTPS0_bit
0x0013       [1]    SSPBUF
0x0014       [0]    WCOL_bit
0x0014       [0]    SSPM2_bit
0x0014       [0]    SSPEN_bit
0x0014       [0]    SSPOV_bit
0x0014       [0]    SSPM3_bit
0x0014       [0]    SSPM1_bit
0x0014       [1]    SSPCON
0x0014       [0]    CKP_bit
0x0014       [0]    SSPM0_bit
0x0015       [1]    CCPR1L
0x0015       [2]    CCPR1
0x0016       [1]    CCPR1H
0x0017       [0]    CCP1M3_bit
0x0017       [0]    CCP1X_bit
0x0017       [0]    CCP1Y_bit
0x0017       [0]    CCP1M0_bit
0x0017       [0]    CCP1M1_bit
0x0017       [0]    CCP1M2_bit
0x0017       [1]    CCP1CON
0x0018       [0]    RX9D_bit
0x0018       [0]    SPEN_bit
0x0018       [0]    SREN_bit
0x0018       [0]    RX9_bit
0x0018       [0]    RCD8_bit
0x0018       [0]    RC9_bit
0x0018       [1]    RCSTA
0x0018       [0]    RC8_9_bit
0x0018       [0]    ADDEN_bit
0x0018       [0]    FERR_bit
0x0018       [0]    OERR_bit
0x0018       [0]    NOT_RC8_bit
0x0018       [0]    CREN_bit
0x0019       [1]    TXREG
0x001A       [1]    RCREG
0x001B       [1]    CCPR2L
0x001B       [2]    CCPR2
0x001C       [1]    CCPR2H
0x001D       [0]    CCP2Y_bit
0x001D       [0]    CCP2M1_bit
0x001D       [0]    CCP2M0_bit
0x001D       [1]    CCP2CON
0x001D       [0]    CCP2X_bit
0x001D       [0]    CCP2M3_bit
0x001D       [0]    CCP2M2_bit
0x001E       [1]    ADRESH
0x001F       [0]    ADCS1_bit
0x001F       [0]    ADON_bit
0x001F       [0]    GO_bit
0x001F       [0]    ADCS0_bit
0x001F       [0]    CHS0_bit
0x001F       [1]    ADCON0
0x001F       [0]    CHS2_bit
0x001F       [0]    CHS1_bit
0x001F       [0]    NOT_DONE_bit
0x001F       [0]    GO_DONE_bit
0x0020       [2]    _SDX
0x0022       [2]    _T
0x0024       [2]    _SIS
0x0026       [2]    _SSX
0x0028       [2]    ___DoICPAddr
0x002A       [1]    _BLU
0x002B       [1]    FARG_ADC_Read_channel
0x002C       [2]    ADC_Read_local_result
0x0070       [1]    R0
0x0071       [1]    R1
0x0072       [1]    R2
0x0073       [1]    R3
0x0074       [1]    R4
0x0075       [1]    R5
0x0076       [1]    R6
0x0077       [1]    R7
0x0078       [1]    R8
0x0079       [1]    R9
0x007A       [1]    R10
0x007B       [1]    R11
0x007C       [1]    R12
0x007D       [1]    R13
0x007E       [1]    R14
0x007F       [1]    R15
0x0081       [0]    T0CS_bit
0x0081       [0]    INTEDG_bit
0x0081       [0]    PS2_bit
0x0081       [0]    PSA_bit
0x0081       [0]    PS1_bit
0x0081       [0]    T0SE_bit
0x0081       [1]    OPTION_REG
0x0081       [0]    PS0_bit
0x0081       [0]    NOT_RBPU_bit
0x0085       [0]    TRISA4_bit
0x0085       [0]    TRISA5_bit
0x0085       [1]    TRISA
0x0085       [0]    TRISA1_bit
0x0085       [0]    TRISA0_bit
0x0085       [0]    TRISA3_bit
0x0085       [0]    TRISA2_bit
0x0086       [0]    TRISB7_bit
0x0086       [0]    TRISB3_bit
0x0086       [0]    TRISB4_bit
0x0086       [0]    TRISB6_bit
0x0086       [0]    TRISB5_bit
0x0086       [0]    TRISB1_bit
0x0086       [0]    TRISB0_bit
0x0086       [1]    TRISB
0x0086       [0]    TRISB2_bit
0x0087       [0]    TRISC3_bit
0x0087       [0]    TRISC1_bit
0x0087       [0]    TRISC2_bit
0x0087       [0]    TRISC7_bit
0x0087       [0]    TRISC6_bit
0x0087       [0]    TRISC5_bit
0x0087       [0]    TRISC4_bit
0x0087       [0]    TRISC0_bit
0x0087       [1]    TRISC
0x0088       [0]    TRISD6_bit
0x0088       [0]    TRISD0_bit
0x0088       [0]    TRISD7_bit
0x0088       [1]    TRISD
0x0088       [0]    TRISD2_bit
0x0088       [0]    TRISD3_bit
0x0088       [0]    TRISD4_bit
0x0088       [0]    TRISD5_bit
0x0088       [0]    TRISD1_bit
0x0089       [0]    IBOV_bit
0x0089       [0]    IBOV_TRISE_bit
0x0089       [1]    TRISE
0x0089       [0]    OBF_bit
0x0089       [0]    TRISE1_bit
0x0089       [0]    PSPMODE_bit
0x0089       [0]    PSPMODE_TRISE_bit
0x0089       [0]    TRISE2_bit
0x0089       [0]    IBF_bit
0x0089       [0]    IBF_TRISE_bit
0x0089       [0]    OBF_TRISE_bit
0x0089       [0]    TRISE0_bit
0x008C       [0]    CCP1IE_bit
0x008C       [0]    TMR1IE_bit
0x008C       [0]    SSPIE_bit
0x008C       [0]    TMR2IE_bit
0x008C       [0]    PSPIE_bit
0x008C       [0]    ADIE_bit
0x008C       [0]    TXIE_bit
0x008C       [0]    RCIE_bit
0x008C       [1]    PIE1
0x008D       [0]    BCLIE_bit
0x008D       [0]    CMIE_bit
0x008D       [1]    PIE2
0x008D       [0]    EEIE_bit
0x008D       [0]    CCP2IE_bit
0x008E       [0]    NOT_POR_bit
0x008E       [1]    PCON
0x008E       [0]    NOT_BO_bit
0x008E       [0]    NOT_BOR_bit
0x0091       [0]    GCEN_bit
0x0091       [1]    SSPCON2
0x0091       [0]    PEN_bit
0x0091       [0]    ACKDT_bit
0x0091       [0]    ACKEN_bit
0x0091       [0]    RCEN_bit
0x0091       [0]    SEN_bit
0x0091       [0]    ACKSTAT_bit
0x0091       [0]    RSEN_bit
0x0092       [1]    PR2
0x0093       [1]    SSPADD
0x0094       [0]    UA_bit
0x0094       [0]    BF_bit
0x0094       [0]    S_bit
0x0094       [1]    SSPSTAT
0x0094       [0]    NOT_W_bit
0x0094       [0]    NOT_WRITE_bit
0x0094       [0]    SMP_bit
0x0094       [0]    READ_WRITE_bit
0x0094       [0]    I2C_START__bit
0x0094       [0]    CKE_bit
0x0094       [0]    I2C_STOP__bit
0x0094       [0]    NOT_ADDRESS_bit
0x0094       [0]    NOT_A_bit
0x0094       [0]    P_bit
0x0094       [0]    R_W_bit
0x0094       [0]    I2C_DATA_bit
0x0094       [0]    R_bit
0x0094       [0]    DATA_ADDRESS_bit
0x0094       [0]    I2C_READ_bit
0x0094       [0]    D_A_bit
0x0094       [0]    D_bit
0x0098       [0]    TX9D_bit
0x0098       [0]    TXD8_bit
0x0098       [0]    NOT_TX8_bit
0x0098       [1]    TXSTA
0x0098       [0]    TX9_bit
0x0098       [0]    CSRC_bit
0x0098       [0]    SYNC_bit
0x0098       [0]    TX8_9_bit
0x0098       [0]    BRGH_bit
0x0098       [0]    TRMT_bit
0x0098       [0]    TXEN_bit
0x0099       [1]    SPBRG
0x009C       [0]    CM2_bit
0x009C       [0]    CIS_bit
0x009C       [0]    C2INV_bit
0x009C       [0]    CM0_bit
0x009C       [0]    CM1_bit
0x009C       [1]    CMCON
0x009C       [0]    C2OUT_bit
0x009C       [0]    C1INV_bit
0x009C       [0]    C1OUT_bit
0x009D       [0]    CVR1_bit
0x009D       [0]    CVR2_bit
0x009D       [0]    CVROE_bit
0x009D       [0]    CVRR_bit
0x009D       [0]    CVREN_bit
0x009D       [0]    CVR3_bit
0x009D       [1]    CVRCON
0x009D       [0]    CVR0_bit
0x009E       [1]    ADRESL
0x009F       [0]    ADCS2_bit
0x009F       [0]    PCFG2_bit
0x009F       [0]    PCFG1_bit
0x009F       [0]    PCFG0_bit
0x009F       [0]    ADFM_bit
0x009F       [1]    ADCON1
0x009F       [0]    PCFG3_bit
0x010C       [1]    EEDATA
0x010D       [1]    EEADR
0x010E       [1]    EEDATH
0x010F       [1]    EEADRH
0x018C       [0]    WREN_bit
0x018C       [0]    WRERR_bit
0x018C       [1]    EECON1
0x018C       [0]    EEPGD_bit
0x018C       [0]    WR_bit
0x018C       [0]    RD_bit
0x018D       [1]    EECON2
//** Label List: ** 
//----------------------------------------------
  L_end__Avanti
  L_end__Indietro
  L_end__Destra
  L_end__Sinistra
  L_end__FRMS
  L_end__FMS
  L_end__Ape
  L__Ape7
  L__Ape8
  L__Ape9
  L__Ape10
  L__Ape11
  L__Ape12
  L__Ape13
  L_end__Chi
  L__Chi15
  L__Chi16
  L__Chi17
  L__Chi18
  L__Chi19
  L__Chi20
  L__Chi21
  L_end__AutoEvita
  L__AutoEvita23
  L__AutoEvita24
  L__AutoEvita25
  L__AutoEvita26
  L__AutoEvita27
  L__AutoEvita28
  L__AutoEvita29
  L__AutoEvita30
  L__AutoEvita31
  L__AutoEvita32
  L__AutoEvita33
  L__AutoEvita34
  L__AutoEvita35
  L__AutoEvita36
  L_end__Cattura
  L__Cattura38
  L__Cattura39
  L__Cattura40
  L__Cattura41
  L__Cattura42
  L__Cattura43
  L__Cattura44
  L_end__AE
  L__AE46
  L__AE47
  L__AE48
  L__AE49
  L__AE50
  L__AE51
  L__AE52
  L_end__Manuale
  L__Manuale54
  L__Manuale55
  L__Manuale56
  L__Manuale57
  L__Manuale58
  L__Manuale59
  L__Manuale60
  L__Manuale61
  L__Manuale62
  L__Manuale63
  L__Manuale64
  L__Manuale65
  L_end__Ins
  L__Ins67
  L__Ins68
  L__Ins69
  L__Ins70
  L__Ins71
  L__Ins72
  L__Ins73
  L__Ins74
  L__Ins75
  L_end__main
  L__main77
  L__main78
  L__main79
  L__main80
  L__main81
  L__main82
  L__main83
  L__main84
  L__main85
  L__main86
  L__main87
  L__main88
  L__main89
  L__main90
  L__main91
  L__main92
  L__main93
  L__main94
  L__main_manual
  L__main96
  L__main97
  L__main98
  L__main99
  L__main100
  L__main101
  L__main102
  L__main103
  L__main104
  L__main105
  L__main106
  L__main107
  L__main108
  L__main109
  L__main110
  L__main111
  L__main112
  L__main113
  L__main114
  L__main115
  L__main116
  L__main117
  L__main118
  L__main119
  L__main120
  L__main121
  L__main122
  L__main123
  L__main124
  L__main125
  L__main126
  L__main127
  L__main128
  L__main129
  L__main130
  L__main131
  L__main132
  L__main133
  L__main134
  L__main135
  L__main136
  L__main137
  L__main138
  L__main139
  _Avanti
  _Indietro
  _Destra
  _Sinistra
  _FRMS
  _FMS
  _Ape
  L__Ape140
  _Chi
  L__Chi141
  _AutoEvita
  L__AutoEvita142
  L__AutoEvita143
  L__AutoEvita144
  L__AutoEvita145
  L__AutoEvita146
  _Cattura
  L__Cattura147
  L__Cattura148
  _AE
  L__AE149
  _Manuale
  _Ins
  L__Ins150
  L__Ins151
  L__Ins152
  L__Ins153
  _main
  L_end__ADC_Init
  L_end__ADC_Get_Sample
  L__ADC_Get_Sample2
  L__ADC_Get_Sample3
  L__ADC_Get_Sample4
  L__ADC_Get_Sample5
  L__ADC_Get_Sample6
  L_end__ADC_Read
  L__ADC_Read8
  L__ADC_Read9
  L__ADC_Read10
  L__ADC_Read11
  L__ADC_Read12
  _ADC_Init
  _ADC_Get_Sample
  _ADC_Read
  L_end__Get_Fosc_kHz
  L_end__Delay_1us
  L_end__Delay_10us
  L__Delay_10us3
  L_end__Delay_22us
  L__Delay_22us5
  L_end__Delay_50us
  L__Delay_50us7
  L_end__Delay_80us
  L__Delay_80us9
  L_end__Delay_500us
  L__Delay_500us11
  L_end__Delay_5500us
  L__Delay_5500us13
  L_end__Delay_1ms
  L__Delay_1ms15
  L_end__Delay_5ms
  L__Delay_5ms17
  L_end__Delay_8ms
  L__Delay_8ms19
  L_end__Delay_10ms
  L__Delay_10ms21
  L_end__Delay_100ms
  L__Delay_100ms23
  L_end__Delay_1sec
  L__Delay_1sec25
  L_end__Delay_Cyc
  L__Delay_Cyc27
  L__Delay_Cyc28
  L__Delay_Cyc29
  L__Delay_Cyc30
  L__Delay_Cyc31
  L_end__VDelay_ms
  L__VDelay_ms33
  L__VDelay_ms34
  L__VDelay_ms35
  L__VDelay_ms36
  L__VDelay_ms37
  L__VDelay_ms38
  L__VDelay_ms39
  L__VDelay_ms40
  L_end__VDelay_Advanced_ms
  L__VDelay_Advanced_ms42
  L__VDelay_Advanced_ms43
  L__VDelay_Advanced_ms44
  L__VDelay_Advanced_ms45
  L__VDelay_Advanced_ms46
  L__VDelay_Advanced_ms47
  L__VDelay_Advanced_ms48
  L__VDelay_Advanced_ms49
  _Get_Fosc_kHz
  _Delay_1us
  _Delay_10us
  _Delay_22us
  _Delay_50us
  _Delay_80us
  _Delay_500us
  _Delay_5500us
  _Delay_1ms
  _Delay_5ms
  _Delay_8ms
  _Delay_10ms
  _Delay_100ms
  _Delay_1sec
  _Delay_Cyc
  _VDelay_ms
  L__VDelay_ms50
  L__VDelay_ms51
  L__VDelay_ms52
  L__VDelay_ms53
  _VDelay_Advanced_ms
  L__VDelay_Advanced_ms54
  L__VDelay_Advanced_ms55
  L__VDelay_Advanced_ms56
  L__VDelay_Advanced_ms57
  L_end__UART1_Init
  L__UART1_Init1
  L__UART1_Init2
  L__UART1_Init3
  L__UART1_Init4
  L__UART1_Init5
  L_end__UART1_Data_Ready
  L_end__UART1_Read
  L__UART1_Read8
  L__UART1_Read9
  L__UART1_Read10
  L_end__UART1_TX_Idle
  L_end__UART1_Write
  L__UART1_Write13
  L__UART1_Write14
  L__UART1_Write15
  L__UART1_Write16
  L__UART1_Write17
  L_end__UART1_Write_Text
  L__UART1_Write_Text19
  L__UART1_Write_Text20
  L__UART1_Write_Text21
  L__UART1_Write_Text22
  L__UART1_Write_Text23
  L_end__UART1_Read_Text
  L__UART1_Read_Text25
  L__UART1_Read_Text26
  L__UART1_Read_Text27
  L__UART1_Read_Text28
  L__UART1_Read_Text29
  L__UART1_Read_Text30
  L__UART1_Read_Text31
  L__UART1_Read_Text32
  L__UART1_Read_Text33
  L__UART1_Read_Text34
  L__UART1_Read_Text35
  L__UART1_Read_Text36
  L__UART1_Read_Text37
  L__UART1_Read_Text38
  L__UART1_Read_Text39
  L__UART1_Read_Text40
  L__UART1_Read_Text41
  L__UART1_Read_Text42
  L__UART1_Read_Text43
  L__UART1_Read_Text44
  L__UART1_Read_Text45
  L__UART1_Read_Text46
  _UART1_Init
  _UART1_Data_Ready
  _UART1_Read
  _UART1_TX_Idle
  _UART1_Write
  _UART1_Write_Text
  _UART1_Read_Text
