Riga 34: la classe VIDEOCAPXLib.VideoCapX del controllo vcx non era una classe di controllo caricata.
Riga 40: il nome della proprietà _Version in vcx non è valido.
Riga 41: il nome della proprietà _ExtentX in vcx non è valido.
Riga 42: il nome della proprietà _ExtentY in vcx non è valido.
Riga 43: il nome della proprietà _StockProps in vcx non è valido.
Riga 40: il nome della proprietà _Version in vcx non è valido.
Riga 41: il nome della proprietà _ExtentX in vcx non è valido.
Riga 42: il nome della proprietà _ExtentY in vcx non è valido.
Riga 43: il nome della proprietà _StockProps in vcx non è valido.
Riga 40: il nome della proprietà _Version in vcx non è valido.
Riga 41: il nome della proprietà _ExtentX in vcx non è valido.
Riga 42: il nome della proprietà _ExtentY in vcx non è valido.
Riga 43: il nome della proprietà _StockProps in vcx non è valido.
Riga 40: il nome della proprietà _Version in vcx non è valido.
Riga 41: il nome della proprietà _ExtentX in vcx non è valido.
Riga 42: il nome della proprietà _ExtentY in vcx non è valido.
Riga 43: il nome della proprietà _StockProps in vcx non è valido.
Riga 40: il nome della proprietà _Version in vcx non è valido.
Riga 41: il nome della proprietà _ExtentX in vcx non è valido.
Riga 42: il nome della proprietà _ExtentY in vcx non è valido.
Riga 43: il nome della proprietà _StockProps in vcx non è valido.
Riga 40: il nome della proprietà _Version in vcx non è valido.
Riga 41: il nome della proprietà _ExtentX in vcx non è valido.
Riga 42: il nome della proprietà _ExtentY in vcx non è valido.
Riga 43: il nome della proprietà _StockProps in vcx non è valido.
Riga 40: il nome della proprietà _Version in vcx non è valido.
Riga 41: il nome della proprietà _ExtentX in vcx non è valido.
Riga 42: il nome della proprietà _ExtentY in vcx non è valido.
Riga 43: il nome della proprietà _StockProps in vcx non è valido.
Riga 40: il nome della proprietà _Version in vcx non è valido.
Riga 41: il nome della proprietà _ExtentX in vcx non è valido.
Riga 42: il nome della proprietà _ExtentY in vcx non è valido.
Riga 43: il nome della proprietà _StockProps in vcx non è valido.
